#
# An unexpected error has been detected by Java Runtime Environment:
#
#  EXCEPTION_ACCESS_VIOLATION (0xc0000005) at pc=0x00000000019b3450, pid=4820, tid=13256
#
# Java VM: Java HotSpot(TM) 64-Bit Server VM (10.0-b19 mixed mode windows-amd64)
# Problematic frame:
# C  [mcr.dll+0x3450]
#
# If you would like to submit a bug report, please visit:
#   http://java.sun.com/webapps/bugreport/crash.jsp
# The crash happened outside the Java Virtual Machine in native code.
# See problematic frame for where to report the bug.
#

---------------  T H R E A D  ---------------

Current thread (0x0000000004b71400):  JavaThread "main" [_thread_in_native, id=13256, stack(0x0000000000030000,0x0000000001030000)]

siginfo: ExceptionCode=0xc0000005, reading address 0x0000000000000058

Registers:
EAX=0x00000000101e7540, EBX=0x0000000007c7e490, ECX=0x00000000101e7540, EDX=0x0000000000000058
ESP=0x000000000102e1f0, EBP=0x0000000000000200, ESI=0x00000000101e7540, EDI=0x0000000000000001
EIP=0x00000000019b3450, EFLAGS=0x0000000000010206

Top of Stack: (sp=0x000000000102e1f0)
0x000000000102e1f0:   00000000101fcf00 000007fefd4f101c
0x000000000102e200:   000000000102e2d0 0000000000000000
0x000000000102e210:   fffffffffffffffe 00000000000001ec
0x000000000102e220:   0000000000000001 00000000019f1f41
0x000000000102e230:   00000000101e7540 0000000007c7e490
0x000000000102e240:   0000000007c7e4a8 0000000000000000
0x000000000102e250:   fffffffffffffffe 00000000000033c8
0x000000000102e260:   ffffffff00200000 000000000102e2b0
0x000000000102e270:   000000000102e2b0 000000000102e2b0
0x000000000102e280:   0000000000000020 0000000000000020
0x000000000102e290:   0000000010235580 0000000000000000
0x000000000102e2a0:   0000000000000000 0000000000000000
0x000000000102e2b0:   0000000000000001 00000000101fcf00
0x000000000102e2c0:   0000000000000200 00000000019b2369
0x000000000102e2d0:   0000000007c7e490 000000000102e368
0x000000000102e2e0:   00000000101e7540 00730065006c0069 

Instructions: (pc=0x00000000019b3450)
0x00000000019b3440:   ff ff ff 48 89 5c 24 48 48 89 74 24 50 48 8b f1
0x00000000019b3450:   48 8b 02 48 89 01 48 8b 42 08 48 89 41 08 48 8b 


Stack: [0x0000000000030000,0x0000000001030000],  sp=0x000000000102e1f0,  free space=16376k
Native frames: (J=compiled Java code, j=interpreted, Vv=VM code, C=native code)
C  [mcr.dll+0x3450]

[error occurred during error reporting (printing native stack), id 0xc0000005]

Java frames: (J=compiled Java code, j=interpreted, Vv=VM code)
v  ~BufferBlob::Interpreter
v  ~BufferBlob::Interpreter
v  ~BufferBlob::Interpreter
v  ~BufferBlob::Interpreter
v  ~BufferBlob::Interpreter
v  ~BufferBlob::Interpreter
v  ~BufferBlob::StubRoutines (1)

---------------  P R O C E S S  ---------------

Java Threads: ( => current thread )
  0x0000000035e76800 JavaThread "Prefs Updater" [_thread_blocked, id=10976, stack(0x0000000010050000,0x00000000100d0000)]
  0x0000000035e76000 JavaThread "Thread-24" [_thread_blocked, id=10952, stack(0x000000003a530000,0x000000003a5b0000)]
  0x0000000035e75800 JavaThread "Thread-23" [_thread_blocked, id=10812, stack(0x000000003b0c0000,0x000000003b140000)]
  0x0000000035e75400 JavaThread "Active Reference Queue Daemon" daemon [_thread_blocked, id=10876, stack(0x000000003a6b0000,0x000000003a730000)]
  0x0000000035e74400 JavaThread "Timer-18" daemon [_thread_blocked, id=10720, stack(0x000000003a630000,0x000000003a6b0000)]
  0x0000000035e74c00 JavaThread "Timer-17" daemon [_thread_blocked, id=10672, stack(0x000000003a5b0000,0x000000003a630000)]
  0x00000000114ffc00 JavaThread "Timer-1" [_thread_blocked, id=10784, stack(0x0000000039d40000,0x0000000039dc0000)]
  0x0000000036ae4800 JavaThread "TimerQueue" daemon [_thread_blocked, id=10376, stack(0x0000000039a30000,0x0000000039ab0000)]
  0x0000000011541000 JavaThread "AWT-EventQueue-0" [_thread_blocked, id=10216, stack(0x0000000037990000,0x0000000037a10000)]
  0x0000000035a86c00 JavaThread "AWT-Shutdown" [_thread_blocked, id=10168, stack(0x0000000037910000,0x0000000037990000)]
  0x0000000035a32c00 JavaThread "AWT-Windows" daemon [_thread_in_native, id=6576, stack(0x0000000011c20000,0x0000000011ca0000)]
  0x000000001139e800 JavaThread "Java2D Disposer" daemon [_thread_blocked, id=7972, stack(0x0000000011b20000,0x0000000011ba0000)]
  0x0000000011658800 JavaThread "Timer-0" [_thread_blocked, id=5964, stack(0x0000000011900000,0x0000000011980000)]
  0x00000000115d1000 JavaThread "JMI Unnamed Thread" [_thread_in_native, id=11140, stack(0x000000000b470000,0x000000000c470000)]
  0x00000000113ba000 JavaThread "Low Memory Detector" daemon [_thread_blocked, id=3608, stack(0x0000000011420000,0x00000000114a0000)]
  0x00000000113b6c00 JavaThread "CompilerThread1" daemon [_thread_blocked, id=11036, stack(0x00000000336a0000,0x00000000346a0000)]
  0x00000000113b1000 JavaThread "CompilerThread0" daemon [_thread_blocked, id=11216, stack(0x00000000326a0000,0x00000000336a0000)]
  0x00000000113b0800 JavaThread "Attach Listener" daemon [_thread_blocked, id=6296, stack(0x0000000011190000,0x0000000011210000)]
  0x000000001137d000 JavaThread "Finalizer" daemon [_thread_blocked, id=6584, stack(0x0000000011110000,0x0000000011190000)]
  0x0000000011378800 JavaThread "Reference Handler" daemon [_thread_blocked, id=9360, stack(0x0000000011090000,0x0000000011110000)]
=>0x0000000004b71400 JavaThread "main" [_thread_in_native, id=13256, stack(0x0000000000030000,0x0000000001030000)]

Other Threads:
  0x0000000004bffc00 VMThread [stack: 0x00000000316a0000,0x00000000326a0000] [id=3252]
  0x00000000113d7800 WatcherThread [stack: 0x00000000346a0000,0x00000000356a0000] [id=6876]

VM state:not at safepoint (normal execution)

VM Mutex/Monitor currently owned by a thread: None

Heap
 PSYoungGen      total 24064K, used 5349K [0x00000000265a0000, 0x0000000028d00000, 0x00000000296a0000)
  eden space 9984K, 53% used [0x00000000265a0000,0x0000000026ad94d8,0x0000000026f60000)
  from space 14080K, 0% used [0x0000000027f40000,0x0000000027f40000,0x0000000028d00000)
  to   space 15168K, 0% used [0x0000000026f60000,0x0000000026f60000,0x0000000027e30000)
 PSOldGen        total 60352K, used 35213K [0x000000001d2a0000, 0x0000000020d90000, 0x00000000265a0000)
  object space 60352K, 58% used [0x000000001d2a0000,0x000000001f5034b0,0x0000000020d90000)
 PSPermGen       total 80000K, used 40664K [0x00000000152a0000, 0x000000001a0c0000, 0x000000001d2a0000)
  object space 80000K, 50% used [0x00000000152a0000,0x0000000017a56240,0x000000001a0c0000)

Dynamic libraries:
0x0000000140000000 - 0x0000000140032000 	C:\Program Files\MATLAB\R2009a\bin\win64\MATLAB.exe
0x0000000077540000 - 0x00000000776e9000 	C:\Windows\SYSTEM32\ntdll.dll
0x0000000077420000 - 0x000000007753f000 	C:\Windows\system32\kernel32.dll
0x000007fefd4f0000 - 0x000007fefd55b000 	C:\Windows\system32\KERNELBASE.dll
0x0000000180000000 - 0x0000000180406000 	C:\Program Files\MATLAB\R2009a\bin\win64\libut.dll
0x000007feff050000 - 0x000007feff069000 	C:\Windows\system32\imagehlp.dll
0x000007fefe020000 - 0x000007fefe0bf000 	C:\Windows\system32\msvcrt.dll
0x000007fefdc90000 - 0x000007fefdd6b000 	C:\Windows\system32\ADVAPI32.dll
0x000007fefda10000 - 0x000007fefda2f000 	C:\Windows\SYSTEM32\sechost.dll
0x000007fefddc0000 - 0x000007fefdeed000 	C:\Windows\system32\RPCRT4.dll
0x0000000077700000 - 0x0000000077707000 	C:\Windows\system32\PSAPI.DLL
0x0000000001060000 - 0x0000000001088000 	C:\Program Files\MATLAB\R2009a\bin\win64\LIBEXPAT.dll
0x0000000070f20000 - 0x0000000070fe9000 	C:\Windows\WinSxS\amd64_microsoft.vc80.crt_1fc8b3b9a1e18e3b_8.0.50727.6195_none_88e41e092fab0294\MSVCR80.dll
0x000000004a800000 - 0x000000004a923000 	C:\Program Files\MATLAB\R2009a\bin\win64\icuuc38.dll
0x000000004ad00000 - 0x000000004ad03000 	C:\Program Files\MATLAB\R2009a\bin\win64\icudt38.dll
0x000000004ab00000 - 0x000000004ab0f000 	C:\Program Files\MATLAB\R2009a\bin\win64\icuio38.dll
0x0000000001230000 - 0x000000000136a000 	C:\Program Files\MATLAB\R2009a\bin\win64\icuin38.dll
0x0000000070cd0000 - 0x0000000070dd9000 	C:\Windows\WinSxS\amd64_microsoft.vc80.crt_1fc8b3b9a1e18e3b_8.0.50727.6195_none_88e41e092fab0294\MSVCP80.dll
0x0000000077320000 - 0x000000007741a000 	C:\Windows\system32\USER32.dll
0x000007feff390000 - 0x000007feff3f7000 	C:\Windows\system32\GDI32.dll
0x000007fefd820000 - 0x000007fefd82e000 	C:\Windows\system32\LPK.dll
0x000007fefd750000 - 0x000007fefd819000 	C:\Windows\system32\USP10.dll
0x0000000001380000 - 0x00000000013ee000 	C:\Program Files\MATLAB\R2009a\bin\win64\libmwfl.dll
0x0000000001400000 - 0x000000000140f000 	C:\Program Files\MATLAB\R2009a\bin\win64\boost_date_time-vc80-mt-1_36.dll
0x0000000001420000 - 0x0000000001436000 	C:\Program Files\MATLAB\R2009a\bin\win64\boost_signals-vc80-mt-1_36.dll
0x0000000001450000 - 0x0000000001459000 	C:\Program Files\MATLAB\R2009a\bin\win64\boost_system-vc80-mt-1_36.dll
0x0000000001470000 - 0x0000000001481000 	C:\Program Files\MATLAB\R2009a\bin\win64\boost_thread-vc80-mt-1_36.dll
0x00000000014a0000 - 0x00000000016d7000 	C:\Program Files\MATLAB\R2009a\bin\win64\libmwservices.dll
0x00000000016f0000 - 0x0000000001761000 	C:\Program Files\MATLAB\R2009a\bin\win64\libmx.dll
0x0000000001780000 - 0x0000000001797000 	C:\Program Files\MATLAB\R2009a\bin\win64\zlib1.dll
0x00000000017a0000 - 0x00000000018c5000 	C:\Program Files\MATLAB\R2009a\bin\win64\libmwmathutil.dll
0x00000000018e0000 - 0x0000000001935000 	C:\Program Files\MATLAB\R2009a\bin\win64\mpath.dll
0x0000000001950000 - 0x000000000199f000 	C:\Program Files\MATLAB\R2009a\bin\win64\mlutil.dll
0x0000000010000000 - 0x0000000010049000 	C:\Program Files\MATLAB\R2009a\bin\win64\tbb.dll
0x000007fef9c20000 - 0x000007fef9cc0000 	C:\Windows\WinSxS\amd64_microsoft.windows.common-controls_6595b64144ccf1df_5.82.7601.17514_none_a4d6a923711520a9\COMCTL32.dll
0x000007fefdf70000 - 0x000007fefe007000 	C:\Windows\system32\comdlg32.dll
0x000007fefdef0000 - 0x000007fefdf61000 	C:\Windows\system32\SHLWAPI.dll
0x000007fefe160000 - 0x000007fefeee8000 	C:\Windows\system32\SHELL32.dll
0x000007fefa620000 - 0x000007fefa636000 	C:\Windows\system32\NETAPI32.dll
0x000007fefa610000 - 0x000007fefa61c000 	C:\Windows\system32\netutils.dll
0x000007fefce90000 - 0x000007fefceb3000 	C:\Windows\system32\srvcli.dll
0x000007fefa5f0000 - 0x000007fefa605000 	C:\Windows\system32\wkscli.dll
0x000007fefdd70000 - 0x000007fefddbd000 	C:\Windows\system32\WS2_32.dll
0x000007fefe010000 - 0x000007fefe018000 	C:\Windows\system32\NSI.dll
0x00000000019b0000 - 0x0000000001a32000 	C:\Program Files\MATLAB\R2009a\bin\win64\mcr.dll
0x0000000001a50000 - 0x0000000001ab2000 	C:\Program Files\MATLAB\R2009a\bin\win64\iqm.dll
0x0000000001ad0000 - 0x00000000023b7000 	C:\Program Files\MATLAB\R2009a\bin\win64\m_interpreter.dll
0x00000000023d0000 - 0x00000000023df000 	C:\Program Files\MATLAB\R2009a\bin\win64\libmex.dll
0x00000000023f0000 - 0x0000000002480000 	C:\Program Files\MATLAB\R2009a\bin\win64\m_dispatcher.dll
0x0000000002490000 - 0x00000000024b5000 	C:\Program Files\MATLAB\R2009a\bin\win64\datasvcs.dll
0x0000000012000000 - 0x0000000012295000 	C:\Program Files\MATLAB\R2009a\bin\win64\xerces-c_2_7.dll
0x00000000024e0000 - 0x00000000025d1000 	C:\Program Files\MATLAB\R2009a\bin\win64\boost_regex-vc80-mt-1_36.dll
0x00000000025f0000 - 0x0000000002681000 	C:\Program Files\MATLAB\R2009a\bin\win64\profiler.dll
0x00000000026a0000 - 0x00000000026ca000 	C:\Program Files\MATLAB\R2009a\bin\win64\libmwmathrng.dll
0x00000000026e0000 - 0x00000000026fa000 	C:\Program Files\MATLAB\R2009a\bin\win64\m_pcodeio.dll
0x0000000002710000 - 0x000000000275d000 	C:\Program Files\MATLAB\R2009a\bin\win64\m_ir.dll
0x0000000002770000 - 0x0000000002d76000 	C:\Program Files\MATLAB\R2009a\bin\win64\m_parser.dll
0x0000000002d90000 - 0x0000000002da4000 	C:\Program Files\MATLAB\R2009a\bin\win64\ir_xfmr.dll
0x0000000002dc0000 - 0x0000000003041000 	C:\Program Files\MATLAB\R2009a\bin\win64\mcos.dll
0x0000000003060000 - 0x000000000306c000 	C:\Program Files\MATLAB\R2009a\bin\win64\mtok.dll
0x0000000003080000 - 0x00000000030a0000 	C:\Program Files\MATLAB\R2009a\bin\win64\m_pcodegen.dll
0x000007fef6150000 - 0x000007fef6275000 	C:\Windows\system32\dbghelp.dll
0x00000000030b0000 - 0x00000000030d4000 	C:\Program Files\MATLAB\R2009a\bin\win64\bridge.dll
0x00000000030f0000 - 0x00000000031b0000 	C:\Program Files\MATLAB\R2009a\bin\win64\udd.dll
0x00000000031c0000 - 0x0000000003317000 	C:\Program Files\MATLAB\R2009a\bin\win64\libmwgui.dll
0x0000000003330000 - 0x0000000003615000 	C:\Program Files\MATLAB\R2009a\bin\win64\hg.dll
0x0000000003630000 - 0x0000000003662000 	C:\Program Files\MATLAB\R2009a\bin\win64\libmat.dll
0x0000000003680000 - 0x000000000386e000 	C:\Program Files\MATLAB\R2009a\bin\win64\libhdf5.dll
0x0000000003880000 - 0x00000000038e0000 	C:\Program Files\MATLAB\R2009a\bin\win64\jmi.dll
0x00000000038f0000 - 0x0000000003930000 	C:\Program Files\MATLAB\R2009a\bin\win64\libmwhardcopy.dll
0x0000000003940000 - 0x0000000003998000 	C:\Program Files\MATLAB\R2009a\bin\win64\libuij.dll
0x00000000039b0000 - 0x0000000003aa2000 	C:\Program Files\MATLAB\R2009a\bin\win64\libmwmathlinalg.dll
0x0000000003ac0000 - 0x0000000003e6c000 	C:\Program Files\MATLAB\R2009a\bin\win64\libmwmathelem.dll
0x0000000003e80000 - 0x0000000003eec000 	C:\Program Files\MATLAB\R2009a\bin\win64\libmwmathcore.dll
0x0000000003f00000 - 0x0000000003f62000 	C:\Program Files\MATLAB\R2009a\bin\win64\libmwcholmod.dll
0x0000000003f80000 - 0x0000000003f8d000 	C:\Program Files\MATLAB\R2009a\bin\win64\libmwamd.dll
0x0000000003fa0000 - 0x0000000003fac000 	C:\Program Files\MATLAB\R2009a\bin\win64\libmwcolamd.dll
0x0000000003fc0000 - 0x0000000003fd5000 	C:\Program Files\MATLAB\R2009a\bin\win64\libmwblas.dll
0x0000000003ff0000 - 0x0000000004001000 	C:\Program Files\MATLAB\R2009a\bin\win64\libmwbinder.dll
0x0000000004020000 - 0x000000000409d000 	C:\Program Files\MATLAB\R2009a\bin\win64\libmwlapack.dll
0x00000000040b0000 - 0x00000000040eb000 	C:\Program Files\MATLAB\R2009a\bin\win64\libmwrookfastbp.dll
0x0000000004100000 - 0x000000000414c000 	C:\Program Files\MATLAB\R2009a\bin\win64\libmwma57.dll
0x0000000004160000 - 0x000000000427c000 	C:\Program Files\MATLAB\R2009a\bin\win64\libifcoremd.dll
0x0000000004280000 - 0x0000000004550000 	C:\Program Files\MATLAB\R2009a\bin\win64\libmmd.dll
0x0000000004550000 - 0x0000000004560000 	C:\Program Files\MATLAB\R2009a\bin\win64\libmwcsparse.dll
0x0000000004570000 - 0x00000000045de000 	C:\Program Files\MATLAB\R2009a\bin\win64\libmwumfpack.dll
0x00000000045f0000 - 0x00000000046dd000 	C:\Program Files\MATLAB\R2009a\bin\win64\hgdatatypes.dll
0x00000000046f0000 - 0x0000000004934000 	C:\Program Files\MATLAB\R2009a\bin\win64\uiw.dll
0x0000000004950000 - 0x000000000495a000 	C:\Program Files\MATLAB\R2009a\bin\win64\uinone.dll
0x0000000051980000 - 0x0000000051b1c000 	C:\Windows\WinSxS\amd64_microsoft.vc80.mfc_1fc8b3b9a1e18e3b_8.0.50727.6195_none_8448b2bd328df189\MFC80.DLL
0x000007fef9b10000 - 0x000007fef9b81000 	C:\Windows\system32\WINSPOOL.DRV
0x000007feff070000 - 0x000007feff273000 	C:\Windows\system32\ole32.dll
0x000007feff690000 - 0x000007feff767000 	C:\Windows\system32\OLEAUT32.dll
0x0000000004970000 - 0x0000000004a1b000 	C:\Program Files\MATLAB\R2009a\bin\win64\udd_mi.dll
0x0000000004a30000 - 0x0000000004a48000 	C:\Program Files\MATLAB\R2009a\bin\win64\mwoles05.DLL
0x0000000004a60000 - 0x0000000004aca000 	C:\Program Files\MATLAB\R2009a\bin\win64\comcli.dll
0x000000006cc80000 - 0x000000006cca0000 	C:\Windows\WinSxS\amd64_microsoft.vc80.atl_1fc8b3b9a1e18e3b_8.0.50727.6195_none_8a1dd9552ed7f8d8\ATL80.DLL
0x0000000004ae0000 - 0x0000000004aee000 	C:\Program Files\MATLAB\R2009a\bin\win64\mlautoregister.dll
0x000007fefdc60000 - 0x000007fefdc8e000 	C:\Windows\system32\IMM32.DLL
0x000007feff280000 - 0x000007feff389000 	C:\Windows\system32\MSCTF.dll
0x000000006ccb0000 - 0x000000006ccbd000 	C:\Windows\WinSxS\amd64_microsoft.vc80.mfcloc_1fc8b3b9a1e18e3b_8.0.50727.6195_none_bc20f59b0bdd1acd\MFC80ENU.DLL
0x000007fefd320000 - 0x000007fefd32f000 	C:\Windows\system32\profapi.dll
0x000007fefd250000 - 0x000007fefd25f000 	C:\Windows\system32\CRYPTBASE.dll
0x000007fefaef0000 - 0x000007fefaf46000 	C:\Windows\system32\uxtheme.dll
0x000007fef7d30000 - 0x000007fef7d39000 	c:\PROGRA~2\mcafee\SITEAD~1\x64\saHook.dll
0x000007fef5f00000 - 0x000007fef5f7f000 	C:\Program Files\Common Files\microsoft shared\ink\tiptsf.dll
0x000007fefc410000 - 0x000007fefc41c000 	C:\Windows\system32\version.dll
0x000007fefafa0000 - 0x000007fefb194000 	C:\Windows\WinSxS\amd64_microsoft.windows.common-controls_6595b64144ccf1df_6.0.7601.17514_none_fa396087175ac9ac\comctl32.dll
0x000007fefd830000 - 0x000007fefda07000 	C:\Windows\system32\SETUPAPI.dll
0x000007fefd6f0000 - 0x000007fefd726000 	C:\Windows\system32\CFGMGR32.dll
0x000007fefd6d0000 - 0x000007fefd6ea000 	C:\Windows\system32\DEVOBJ.dll
0x000007fefe0c0000 - 0x000007fefe159000 	C:\Windows\system32\CLBCatQ.DLL
0x000007fefbfa0000 - 0x000007fefc0cc000 	C:\Windows\system32\propsys.dll
0x000007fefc240000 - 0x000007fefc26d000 	C:\Windows\system32\ntmarta.dll
0x000007feff770000 - 0x000007feff7c2000 	C:\Windows\system32\WLDAP32.dll
0x000007fefbbf0000 - 0x000007fefbc17000 	C:\Windows\system32\iphlpapi.dll
0x000007fefbbd0000 - 0x000007fefbbdb000 	C:\Windows\system32\WINNSI.DLL
0x000007fefca10000 - 0x000007fefca6b000 	C:\Windows\system32\DNSAPI.dll
0x000007fefb9e0000 - 0x000007fefb9f8000 	C:\Windows\system32\dhcpcsvc.DLL
0x000007fefb9c0000 - 0x000007fefb9d1000 	C:\Windows\system32\dhcpcsvc6.DLL
0x000000006d800000 - 0x000000006d803000 	C:\Windows\system32\icmp.Dll
0x000007fef9bb0000 - 0x000007fef9c04000 	C:\Windows\system32\oleacc.dll
0x000000000fa40000 - 0x000000000ffea000 	C:\Program Files\MATLAB\R2009a\sys\java\jre\win64\jre\bin\server\jvm.dll
0x000007fefab90000 - 0x000007fefabcb000 	C:\Windows\system32\WINMM.dll
0x0000000008270000 - 0x000000000827a000 	C:\Program Files\MATLAB\R2009a\sys\java\jre\win64\jre\bin\hpi.dll
0x0000000008290000 - 0x000000000829e000 	C:\Program Files\MATLAB\R2009a\sys\java\jre\win64\jre\bin\verify.dll
0x00000000083c0000 - 0x00000000083e7000 	C:\Program Files\MATLAB\R2009a\sys\java\jre\win64\jre\bin\java.dll
0x00000000082a0000 - 0x00000000082b2000 	C:\Program Files\MATLAB\R2009a\sys\java\jre\win64\jre\bin\zip.dll

VM Arguments:
jvm_args: -Xss512k -XX:PermSize=32m -Xms64m -XX:NewRatio=3 -XX:MaxPermSize=128m -Xmx196m -XX:MaxDirectMemorySize=2147400000 -Dsun.java2d.noddraw=true -Dsun.awt.nopixfmt=true -Xshare:off -Xrs -Djava.library.path=C:\Program Files\MATLAB\R2009a\bin\win64 vfprintf abort 
java_command: <unknown>
Launcher Type: generic

Environment Variables:
PATH=C:\Program Files (x86)\NVIDIA Corporation\PhysX\Common;C:\Program Files (x86)\Intel\iCLS Client\;C:\Program Files\Intel\iCLS Client\;C:\Program Files\Common Files\Microsoft Shared\Windows Live;C:\Program Files (x86)\Common Files\Microsoft Shared\Windows Live;C:\Windows\system32;C:\Windows;C:\Windows\System32\Wbem;C:\Windows\System32\WindowsPowerShell\v1.0\;C:\Program Files (x86)\Windows Live\Shared;C:\Program Files\Intel\Intel(R) Management Engine Components\DAL;C:\Program Files\Intel\Intel(R) Management Engine Components\IPT;C:\Program Files (x86)\Intel\Intel(R) Management Engine Components\DAL;C:\Program Files (x86)\Intel\Intel(R) Management Engine Components\IPT;C:\Program Files (x86)\Intel\OpenCL SDK\2.0\bin\x86;C:\Program Files (x86)\Intel\OpenCL SDK\2.0\bin\x64;C:\Program Files\MATLAB\R2014a\runtime\win64;C:\Program Files\MATLAB\R2014a\bin;C:\Program Files\MATLAB\R2009a\bin;C:\Program Files\MATLAB\R2009a\bin\win64;C:\Program Files (x86)\Microsoft SQL Server\100\Tools\Binn\;C:\Program Files\Microsoft SQL Server\100\Tools\Binn\;C:\Program Files\Microsoft SQL Server\100\DTS\Binn\;C:\Program Files\MATLAB\R2014a\polyspace\bin;C:\Program Files (x86)\Microsoft Visual Studio\Common\Tools\WinNT;C:\Program Files (x86)\Microsoft Visual Studio\Common\MSDev98\Bin;C:\Program Files (x86)\Microsoft Visual Studio\Common\Tools;C:\Program Files (x86)\Microsoft Visual Studio\VC98\bin
USERNAME=Justin
OS=Windows_NT
PROCESSOR_IDENTIFIER=Intel64 Family 6 Model 58 Stepping 9, GenuineIntel



---------------  S Y S T E M  ---------------

OS: Windows NT 6.1 Build 7601 Service Pack 1

CPU:total 8 (8 cores per cpu, 2 threads per core) family 6 model 10 stepping 9, cmov, cx8, fxsr, mmx, sse, sse2, sse3, ssse3, ht

Memory: 4k page, physical 8271728k(3942164k free), swap 16541596k(11294388k free)

vm_info: Java HotSpot(TM) 64-Bit Server VM (10.0-b19) for windows-amd64 JRE (1.6.0_04-b12), built on Dec 14 2007 00:44:23 by "java_re" with MS VC++ 8.0

time: Mon Feb 02 15:55:09 2015
elapsed time: 55 seconds

